#-----------------------------------------------------------
# Vivado v2020.1 (64-bit)
# SW Build 2902540 on Wed May 27 19:54:49 MDT 2020
# IP Build 2902112 on Wed May 27 22:43:36 MDT 2020
# Start of session at: Tue Apr  5 13:18:52 2022
# Process ID: 1692
# Current directory: D:/Documents/230917_xzdraz12/digital-electronics-1/labs/08-traffic_lights/traffic_lights
# Command line: vivado.exe -gui_launcher_event rodinguilauncherevent10828 D:\Documents\230917_xzdraz12\digital-electronics-1\labs\08-traffic_lights\traffic_lights\traffic_lights.xpr
# Log file: D:/Documents/230917_xzdraz12/digital-electronics-1/labs/08-traffic_lights/traffic_lights/vivado.log
# Journal file: D:/Documents/230917_xzdraz12/digital-electronics-1/labs/08-traffic_lights/traffic_lights\vivado.jou
#-----------------------------------------------------------
start_gui
open_project D:/Documents/230917_xzdraz12/digital-electronics-1/labs/08-traffic_lights/traffic_lights/traffic_lights.xpr
INFO: [ProjectBase 1-489] The host OS only allows 260 characters in a normal path. The project is stored in a path with more than 80 characters. If you experience issues with IP, Block Designs, or files not being found, please consider moving the project to a location with a shorter path. Alternately consider using the OS subst command to map part of the path to a drive letter.
Current project path is 'D:/Documents/230917_xzdraz12/digital-electronics-1/labs/08-traffic_lights/traffic_lights'
Scanning sources...
Finished scanning sources
INFO: [IP_Flow 19-234] Refreshing IP repositories
INFO: [IP_Flow 19-1704] No user IP repositories specified
INFO: [IP_Flow 19-2313] Loaded Vivado IP repository 'C:/APPZ/Xilinx/Vivado/2020.1/data/ip'.
update_compile_order -fileset sources_1
add_files -norecurse D:/Documents/230917_xzdraz12/digital-electronics-1/labs/07-display_driver/lab_7/lab_7.srcs/sources_1/new/clock_enable.vhd
update_compile_order -fileset sources_1
file mkdir D:/Documents/230917_xzdraz12/digital-electronics-1/labs/08-traffic_lights/traffic_lights/traffic_lights.srcs/sim_1/new
set_property SOURCE_SET sources_1 [get_filesets sim_1]
close [ open D:/Documents/230917_xzdraz12/digital-electronics-1/labs/08-traffic_lights/traffic_lights/traffic_lights.srcs/sim_1/new/tb_tlc.vhd w ]
add_files -fileset sim_1 D:/Documents/230917_xzdraz12/digital-electronics-1/labs/08-traffic_lights/traffic_lights/traffic_lights.srcs/sim_1/new/tb_tlc.vhd
update_compile_order -fileset sim_1
update_compile_order -fileset sim_1
launch_simulation
Command: launch_simulation 
INFO: [Vivado 12-5682] Launching behavioral simulation in 'D:/Documents/230917_xzdraz12/digital-electronics-1/labs/08-traffic_lights/traffic_lights/traffic_lights.sim/sim_1/behav/xsim'
INFO: [SIM-utils-51] Simulation object is 'sim_1'
INFO: [SIM-utils-54] Inspecting design source files for 'tb_tlc' in fileset 'sim_1'...
INFO: [USF-XSim-97] Finding global include files...
INFO: [USF-XSim-98] Fetching design files from 'sim_1'...
INFO: [USF-XSim-2] XSim::Compile design
INFO: [USF-XSim-61] Executing 'COMPILE and ANALYZE' step in 'D:/Documents/230917_xzdraz12/digital-electronics-1/labs/08-traffic_lights/traffic_lights/traffic_lights.sim/sim_1/behav/xsim'
"xvhdl --incr --relax -prj tb_tlc_vhdl.prj"
INFO: [VRFC 10-163] Analyzing VHDL file "D:/Documents/230917_xzdraz12/digital-electronics-1/labs/08-traffic_lights/traffic_lights/traffic_lights.srcs/sources_1/new/tlc.vhd" into library xil_defaultlib
INFO: [VRFC 10-3107] analyzing entity 'tlc'
INFO: [VRFC 10-163] Analyzing VHDL file "D:/Documents/230917_xzdraz12/digital-electronics-1/labs/08-traffic_lights/traffic_lights/traffic_lights.srcs/sim_1/new/tb_tlc.vhd" into library xil_defaultlib
INFO: [VRFC 10-3107] analyzing entity 'tb_tlc'
INFO: [USF-XSim-69] 'compile' step finished in '2' seconds
INFO: [USF-XSim-3] XSim::Elaborate design
INFO: [USF-XSim-61] Executing 'ELABORATE' step in 'D:/Documents/230917_xzdraz12/digital-electronics-1/labs/08-traffic_lights/traffic_lights/traffic_lights.sim/sim_1/behav/xsim'
"xelab -wto 2fa32a92501e419097ba0d17939bf83d --incr --debug typical --relax --mt 2 -L xil_defaultlib -L secureip --snapshot tb_tlc_behav xil_defaultlib.tb_tlc -log elaborate.log"
Vivado Simulator 2020.1
Copyright 1986-1999, 2001-2020 Xilinx, Inc. All Rights Reserved.
Running: C:/APPZ/Xilinx/Vivado/2020.1/bin/unwrapped/win64.o/xelab.exe -wto 2fa32a92501e419097ba0d17939bf83d --incr --debug typical --relax --mt 2 -L xil_defaultlib -L secureip --snapshot tb_tlc_behav xil_defaultlib.tb_tlc -log elaborate.log 
Using 2 slave threads.
Starting static elaboration
Completed static elaboration
Starting simulation data flow analysis
Completed simulation data flow analysis
Time Resolution for simulation is 1ps
Compiling package std.standard
Compiling package std.textio
Compiling package ieee.std_logic_1164
Compiling package ieee.numeric_std
Compiling architecture behavioral of entity xil_defaultlib.tlc [tlc_default]
Compiling architecture testbench of entity xil_defaultlib.tb_tlc
Built simulation snapshot tb_tlc_behav

****** Webtalk v2020.1 (64-bit)
  **** SW Build 2902540 on Wed May 27 19:54:49 MDT 2020
  **** IP Build 2902112 on Wed May 27 22:43:36 MDT 2020
    ** Copyright 1986-2020 Xilinx, Inc. All Rights Reserved.

source D:/Documents/230917_xzdraz12/digital-electronics-1/labs/08-traffic_lights/traffic_lights/traffic_lights.sim/sim_1/behav/xsim/xsim.dir/tb_tlc_behav/webtalk/xsim_webtalk.tcl -notrace
INFO: [Common 17-186] 'D:/Documents/230917_xzdraz12/digital-electronics-1/labs/08-traffic_lights/traffic_lights/traffic_lights.sim/sim_1/behav/xsim/xsim.dir/tb_tlc_behav/webtalk/usage_statistics_ext_xsim.xml' has been successfully sent to Xilinx on Tue Apr  5 13:55:08 2022. For additional details about this file, please refer to the WebTalk help file at C:/APPZ/Xilinx/Vivado/2020.1/doc/webtalk_introduction.html.
INFO: [Common 17-206] Exiting Webtalk at Tue Apr  5 13:55:08 2022...
run_program: Time (s): cpu = 00:00:00 ; elapsed = 00:00:07 . Memory (MB): peak = 1020.289 ; gain = 0.000
INFO: [USF-XSim-69] 'elaborate' step finished in '7' seconds
INFO: [USF-XSim-4] XSim::Simulate design
INFO: [USF-XSim-61] Executing 'SIMULATE' step in 'D:/Documents/230917_xzdraz12/digital-electronics-1/labs/08-traffic_lights/traffic_lights/traffic_lights.sim/sim_1/behav/xsim'
INFO: [USF-XSim-98] *** Running xsim
   with args "tb_tlc_behav -key {Behavioral:sim_1:Functional:tb_tlc} -tclbatch {tb_tlc.tcl} -log {simulate.log}"
INFO: [USF-XSim-8] Loading simulator feature
Vivado Simulator 2020.1
Time resolution is 1 ps
source tb_tlc.tcl
# set curr_wave [current_wave_config]
# if { [string length $curr_wave] == 0 } {
#   if { [llength [get_objects]] > 0} {
#     add_wave /
#     set_property needs_save false [current_wave_config]
#   } else {
#      send_msg_id Add_Wave-1 WARNING "No top level signals found. Simulator will start without a wave window. If you want to open a wave window go to 'File->New Waveform Configuration' or type 'create_wave_config' in the TCL console."
#   }
# }
# run 1000ns
INFO: [USF-XSim-96] XSim completed. Design snapshot 'tb_tlc_behav' loaded.
INFO: [USF-XSim-97] XSim simulation ran for 1000ns
launch_simulation: Time (s): cpu = 00:00:05 ; elapsed = 00:00:13 . Memory (MB): peak = 1020.289 ; gain = 0.000
close_sim
INFO: [Simtcl 6-16] Simulation closed
close_sim: Time (s): cpu = 00:00:02 ; elapsed = 00:00:07 . Memory (MB): peak = 1020.289 ; gain = 0.000
launch_simulation
Command: launch_simulation 
INFO: [Vivado 12-5682] Launching behavioral simulation in 'D:/Documents/230917_xzdraz12/digital-electronics-1/labs/08-traffic_lights/traffic_lights/traffic_lights.sim/sim_1/behav/xsim'
INFO: [SIM-utils-51] Simulation object is 'sim_1'
INFO: [SIM-utils-54] Inspecting design source files for 'tb_tlc' in fileset 'sim_1'...
INFO: [USF-XSim-97] Finding global include files...
INFO: [USF-XSim-98] Fetching design files from 'sim_1'...
INFO: [USF-XSim-2] XSim::Compile design
INFO: [USF-XSim-61] Executing 'COMPILE and ANALYZE' step in 'D:/Documents/230917_xzdraz12/digital-electronics-1/labs/08-traffic_lights/traffic_lights/traffic_lights.sim/sim_1/behav/xsim'
"xvhdl --incr --relax -prj tb_tlc_vhdl.prj"
INFO: [USF-XSim-69] 'compile' step finished in '1' seconds
INFO: [USF-XSim-3] XSim::Elaborate design
INFO: [USF-XSim-61] Executing 'ELABORATE' step in 'D:/Documents/230917_xzdraz12/digital-electronics-1/labs/08-traffic_lights/traffic_lights/traffic_lights.sim/sim_1/behav/xsim'
"xelab -wto 2fa32a92501e419097ba0d17939bf83d --incr --debug typical --relax --mt 2 -L xil_defaultlib -L secureip --snapshot tb_tlc_behav xil_defaultlib.tb_tlc -log elaborate.log"
Vivado Simulator 2020.1
Copyright 1986-1999, 2001-2020 Xilinx, Inc. All Rights Reserved.
Running: C:/APPZ/Xilinx/Vivado/2020.1/bin/unwrapped/win64.o/xelab.exe -wto 2fa32a92501e419097ba0d17939bf83d --incr --debug typical --relax --mt 2 -L xil_defaultlib -L secureip --snapshot tb_tlc_behav xil_defaultlib.tb_tlc -log elaborate.log 
Using 2 slave threads.
Starting static elaboration
Completed static elaboration
INFO: [XSIM 43-4323] No Change in HDL. Linking previously generated obj files to create kernel
INFO: [USF-XSim-69] 'elaborate' step finished in '2' seconds
INFO: [USF-XSim-4] XSim::Simulate design
INFO: [USF-XSim-61] Executing 'SIMULATE' step in 'D:/Documents/230917_xzdraz12/digital-electronics-1/labs/08-traffic_lights/traffic_lights/traffic_lights.sim/sim_1/behav/xsim'
INFO: [USF-XSim-98] *** Running xsim
   with args "tb_tlc_behav -key {Behavioral:sim_1:Functional:tb_tlc} -tclbatch {tb_tlc.tcl} -log {simulate.log}"
INFO: [USF-XSim-8] Loading simulator feature
Vivado Simulator 2020.1
Time resolution is 1 ps
source tb_tlc.tcl
# set curr_wave [current_wave_config]
# if { [string length $curr_wave] == 0 } {
#   if { [llength [get_objects]] > 0} {
#     add_wave /
#     set_property needs_save false [current_wave_config]
#   } else {
#      send_msg_id Add_Wave-1 WARNING "No top level signals found. Simulator will start without a wave window. If you want to open a wave window go to 'File->New Waveform Configuration' or type 'create_wave_config' in the TCL console."
#   }
# }
# run 1000ns
INFO: [USF-XSim-96] XSim completed. Design snapshot 'tb_tlc_behav' loaded.
INFO: [USF-XSim-97] XSim simulation ran for 1000ns
launch_simulation: Time (s): cpu = 00:00:03 ; elapsed = 00:00:05 . Memory (MB): peak = 1020.289 ; gain = 0.000
set_property -name {xsim.simulate.runtime} -value {4000ns} -objects [get_filesets sim_1]
close_sim
INFO: [Simtcl 6-16] Simulation closed
launch_simulation
Command: launch_simulation 
INFO: [Vivado 12-5682] Launching behavioral simulation in 'D:/Documents/230917_xzdraz12/digital-electronics-1/labs/08-traffic_lights/traffic_lights/traffic_lights.sim/sim_1/behav/xsim'
INFO: [SIM-utils-51] Simulation object is 'sim_1'
INFO: [SIM-utils-54] Inspecting design source files for 'tb_tlc' in fileset 'sim_1'...
INFO: [USF-XSim-97] Finding global include files...
INFO: [USF-XSim-98] Fetching design files from 'sim_1'...
INFO: [USF-XSim-2] XSim::Compile design
INFO: [USF-XSim-61] Executing 'COMPILE and ANALYZE' step in 'D:/Documents/230917_xzdraz12/digital-electronics-1/labs/08-traffic_lights/traffic_lights/traffic_lights.sim/sim_1/behav/xsim'
"xvhdl --incr --relax -prj tb_tlc_vhdl.prj"
INFO: [USF-XSim-69] 'compile' step finished in '2' seconds
INFO: [USF-XSim-3] XSim::Elaborate design
INFO: [USF-XSim-61] Executing 'ELABORATE' step in 'D:/Documents/230917_xzdraz12/digital-electronics-1/labs/08-traffic_lights/traffic_lights/traffic_lights.sim/sim_1/behav/xsim'
"xelab -wto 2fa32a92501e419097ba0d17939bf83d --incr --debug typical --relax --mt 2 -L xil_defaultlib -L secureip --snapshot tb_tlc_behav xil_defaultlib.tb_tlc -log elaborate.log"
Vivado Simulator 2020.1
Copyright 1986-1999, 2001-2020 Xilinx, Inc. All Rights Reserved.
Running: C:/APPZ/Xilinx/Vivado/2020.1/bin/unwrapped/win64.o/xelab.exe -wto 2fa32a92501e419097ba0d17939bf83d --incr --debug typical --relax --mt 2 -L xil_defaultlib -L secureip --snapshot tb_tlc_behav xil_defaultlib.tb_tlc -log elaborate.log 
Using 2 slave threads.
Starting static elaboration
Completed static elaboration
INFO: [XSIM 43-4323] No Change in HDL. Linking previously generated obj files to create kernel
INFO: [USF-XSim-69] 'elaborate' step finished in '1' seconds
INFO: [USF-XSim-4] XSim::Simulate design
INFO: [USF-XSim-61] Executing 'SIMULATE' step in 'D:/Documents/230917_xzdraz12/digital-electronics-1/labs/08-traffic_lights/traffic_lights/traffic_lights.sim/sim_1/behav/xsim'
INFO: [USF-XSim-98] *** Running xsim
   with args "tb_tlc_behav -key {Behavioral:sim_1:Functional:tb_tlc} -tclbatch {tb_tlc.tcl} -log {simulate.log}"
INFO: [USF-XSim-8] Loading simulator feature
Vivado Simulator 2020.1
Time resolution is 1 ps
source tb_tlc.tcl
# set curr_wave [current_wave_config]
# if { [string length $curr_wave] == 0 } {
#   if { [llength [get_objects]] > 0} {
#     add_wave /
#     set_property needs_save false [current_wave_config]
#   } else {
#      send_msg_id Add_Wave-1 WARNING "No top level signals found. Simulator will start without a wave window. If you want to open a wave window go to 'File->New Waveform Configuration' or type 'create_wave_config' in the TCL console."
#   }
# }
# run 4000ns
INFO: [USF-XSim-96] XSim completed. Design snapshot 'tb_tlc_behav' loaded.
INFO: [USF-XSim-97] XSim simulation ran for 4000ns
launch_simulation: Time (s): cpu = 00:00:02 ; elapsed = 00:00:05 . Memory (MB): peak = 1020.289 ; gain = 0.000
close_sim
INFO: [Simtcl 6-16] Simulation closed
launch_simulation
Command: launch_simulation 
INFO: [Vivado 12-5682] Launching behavioral simulation in 'D:/Documents/230917_xzdraz12/digital-electronics-1/labs/08-traffic_lights/traffic_lights/traffic_lights.sim/sim_1/behav/xsim'
INFO: [SIM-utils-51] Simulation object is 'sim_1'
INFO: [SIM-utils-54] Inspecting design source files for 'tb_tlc' in fileset 'sim_1'...
INFO: [USF-XSim-97] Finding global include files...
INFO: [USF-XSim-98] Fetching design files from 'sim_1'...
INFO: [USF-XSim-2] XSim::Compile design
INFO: [USF-XSim-61] Executing 'COMPILE and ANALYZE' step in 'D:/Documents/230917_xzdraz12/digital-electronics-1/labs/08-traffic_lights/traffic_lights/traffic_lights.sim/sim_1/behav/xsim'
"xvhdl --incr --relax -prj tb_tlc_vhdl.prj"
INFO: [USF-XSim-69] 'compile' step finished in '1' seconds
INFO: [USF-XSim-3] XSim::Elaborate design
INFO: [USF-XSim-61] Executing 'ELABORATE' step in 'D:/Documents/230917_xzdraz12/digital-electronics-1/labs/08-traffic_lights/traffic_lights/traffic_lights.sim/sim_1/behav/xsim'
"xelab -wto 2fa32a92501e419097ba0d17939bf83d --incr --debug typical --relax --mt 2 -L xil_defaultlib -L secureip --snapshot tb_tlc_behav xil_defaultlib.tb_tlc -log elaborate.log"
Vivado Simulator 2020.1
Copyright 1986-1999, 2001-2020 Xilinx, Inc. All Rights Reserved.
Running: C:/APPZ/Xilinx/Vivado/2020.1/bin/unwrapped/win64.o/xelab.exe -wto 2fa32a92501e419097ba0d17939bf83d --incr --debug typical --relax --mt 2 -L xil_defaultlib -L secureip --snapshot tb_tlc_behav xil_defaultlib.tb_tlc -log elaborate.log 
Using 2 slave threads.
Starting static elaboration
Completed static elaboration
INFO: [XSIM 43-4323] No Change in HDL. Linking previously generated obj files to create kernel
INFO: [USF-XSim-69] 'elaborate' step finished in '1' seconds
INFO: [USF-XSim-4] XSim::Simulate design
INFO: [USF-XSim-61] Executing 'SIMULATE' step in 'D:/Documents/230917_xzdraz12/digital-electronics-1/labs/08-traffic_lights/traffic_lights/traffic_lights.sim/sim_1/behav/xsim'
INFO: [USF-XSim-98] *** Running xsim
   with args "tb_tlc_behav -key {Behavioral:sim_1:Functional:tb_tlc} -tclbatch {tb_tlc.tcl} -log {simulate.log}"
INFO: [USF-XSim-8] Loading simulator feature
Vivado Simulator 2020.1
Time resolution is 1 ps
source tb_tlc.tcl
# set curr_wave [current_wave_config]
# if { [string length $curr_wave] == 0 } {
#   if { [llength [get_objects]] > 0} {
#     add_wave /
#     set_property needs_save false [current_wave_config]
#   } else {
#      send_msg_id Add_Wave-1 WARNING "No top level signals found. Simulator will start without a wave window. If you want to open a wave window go to 'File->New Waveform Configuration' or type 'create_wave_config' in the TCL console."
#   }
# }
# run 4000ns
INFO: [USF-XSim-96] XSim completed. Design snapshot 'tb_tlc_behav' loaded.
INFO: [USF-XSim-97] XSim simulation ran for 4000ns
close_sim
INFO: [Simtcl 6-16] Simulation closed
close [ open D:/Documents/230917_xzdraz12/digital-electronics-1/labs/08-traffic_lights/traffic_lights/traffic_lights.srcs/sources_1/new/top.vhd w ]
add_files D:/Documents/230917_xzdraz12/digital-electronics-1/labs/08-traffic_lights/traffic_lights/traffic_lights.srcs/sources_1/new/top.vhd
update_compile_order -fileset sources_1
update_compile_order -fileset sources_1
file mkdir D:/Documents/230917_xzdraz12/digital-electronics-1/labs/08-traffic_lights/traffic_lights/traffic_lights.srcs/constrs_1
file mkdir D:/Documents/230917_xzdraz12/digital-electronics-1/labs/08-traffic_lights/traffic_lights/traffic_lights.srcs/constrs_1/new
close [ open D:/Documents/230917_xzdraz12/digital-electronics-1/labs/08-traffic_lights/traffic_lights/traffic_lights.srcs/constrs_1/new/nexys-a7-50t.xdc w ]
add_files -fileset constrs_1 D:/Documents/230917_xzdraz12/digital-electronics-1/labs/08-traffic_lights/traffic_lights/traffic_lights.srcs/constrs_1/new/nexys-a7-50t.xdc
launch_runs impl_1 -to_step write_bitstream -jobs 4
[Tue Apr  5 14:20:32 2022] Launched synth_1...
Run output will be captured here: D:/Documents/230917_xzdraz12/digital-electronics-1/labs/08-traffic_lights/traffic_lights/traffic_lights.runs/synth_1/runme.log
[Tue Apr  5 14:20:32 2022] Launched impl_1...
Run output will be captured here: D:/Documents/230917_xzdraz12/digital-electronics-1/labs/08-traffic_lights/traffic_lights/traffic_lights.runs/impl_1/runme.log
open_run impl_1
INFO: [Device 21-403] Loading part xc7a50ticsg324-1L
Netlist sorting complete. Time (s): cpu = 00:00:00 ; elapsed = 00:00:00 . Memory (MB): peak = 1182.414 ; gain = 0.000
INFO: [Project 1-479] Netlist was created with Vivado 2020.1
INFO: [Project 1-570] Preparing netlist for logic optimization
INFO: [Timing 38-478] Restoring timing data from binary archive.
INFO: [Timing 38-479] Binary timing data restore complete.
INFO: [Project 1-856] Restoring constraints from binary archive.
INFO: [Project 1-853] Binary constraint restore complete.
Reading XDEF placement.
Reading placer database...
Reading XDEF routing.
Read XDEF File: Time (s): cpu = 00:00:00 ; elapsed = 00:00:00.030 . Memory (MB): peak = 1829.527 ; gain = 0.000
Restored from archive | CPU: 0.000000 secs | Memory: 0.000000 MB |
Finished XDEF File Restore: Time (s): cpu = 00:00:00 ; elapsed = 00:00:00.031 . Memory (MB): peak = 1829.527 ; gain = 0.000
Netlist sorting complete. Time (s): cpu = 00:00:00 ; elapsed = 00:00:00 . Memory (MB): peak = 1829.527 ; gain = 0.000
INFO: [Project 1-111] Unisim Transformation Summary:
No Unisim elements were transformed.

open_run: Time (s): cpu = 00:00:19 ; elapsed = 00:00:17 . Memory (MB): peak = 1948.816 ; gain = 928.527
close_design
open_hw_manager
connect_hw_server -allow_non_jtag
INFO: [Labtools 27-2285] Connecting to hw_server url TCP:localhost:3121
INFO: [Labtools 27-2222] Launching hw_server...
INFO: [Labtools 27-2221] Launch Output:

****** Xilinx hw_server v2020.1
  **** Build date : May 27 2020 at 20:24:38
    ** Copyright 1986-2020 Xilinx, Inc. All Rights Reserved.


INFO: [Labtools 27-3415] Connecting to cs_server url TCP:localhost:3042
INFO: [Labtools 27-3417] Launching cs_server...
INFO: [Labtools 27-2221] Launch Output:


****** Xilinx cs_server v2020.1.0
  **** Build date : May 14 2020-03:10:29
    ** Copyright 2017-2020 Xilinx, Inc. All Rights Reserved.



connect_hw_server: Time (s): cpu = 00:00:01 ; elapsed = 00:00:07 . Memory (MB): peak = 2050.598 ; gain = 0.000
open_hw_target
INFO: [Labtoolstcl 44-466] Opening hw_target localhost:3121/xilinx_tcf/Digilent/210292AD2DE7A
ERROR: [Labtools 27-2269] No devices detected on target localhost:3121/xilinx_tcf/Digilent/210292AD2DE7A.
Check cable connectivity and that the target board is powered up then
use the disconnect_hw_server and connect_hw_server to re-register this hardware target.
ERROR: [Common 17-39] 'open_hw_target' failed due to earlier errors.
close_hw_manager
open_hw_manager
connect_hw_server -allow_non_jtag
INFO: [Labtools 27-2285] Connecting to hw_server url TCP:localhost:3121
INFO: [Labtools 27-3415] Connecting to cs_server url TCP:localhost:3042
INFO: [Labtools 27-3414] Connected to existing cs_server.
open_hw_target
INFO: [Labtoolstcl 44-466] Opening hw_target localhost:3121/xilinx_tcf/Digilent/210292AD2DE7A
current_hw_device [get_hw_devices xc7a50t_0]
refresh_hw_device -update_hw_probes false [lindex [get_hw_devices xc7a50t_0] 0]
INFO: [Labtools 27-1435] Device xc7a50t (JTAG device index = 0) is not programmed (DONE status = 0).
set_property PROBES.FILE {} [get_hw_devices xc7a50t_0]
set_property FULL_PROBES.FILE {} [get_hw_devices xc7a50t_0]
set_property PROGRAM.FILE {D:/Documents/230917_xzdraz12/digital-electronics-1/labs/08-traffic_lights/traffic_lights/traffic_lights.runs/impl_1/top.bit} [get_hw_devices xc7a50t_0]
program_hw_devices [get_hw_devices xc7a50t_0]
INFO: [Labtools 27-3164] End of startup status: HIGH
refresh_hw_device [lindex [get_hw_devices xc7a50t_0] 0]
INFO: [Labtools 27-1434] Device xc7a50t (JTAG device index = 0) is programmed with a design that has no supported debug core(s) in it.
close_hw_manager
update_compile_order -fileset sources_1
reset_run impl_1 -prev_step 
launch_runs impl_1 -to_step write_bitstream -jobs 4
[Tue Apr  5 14:35:44 2022] Launched impl_1...
Run output will be captured here: D:/Documents/230917_xzdraz12/digital-electronics-1/labs/08-traffic_lights/traffic_lights/traffic_lights.runs/impl_1/runme.log
reset_run impl_1 -prev_step 
launch_runs impl_1 -to_step write_bitstream -jobs 4
[Tue Apr  5 14:37:22 2022] Launched impl_1...
Run output will be captured here: D:/Documents/230917_xzdraz12/digital-electronics-1/labs/08-traffic_lights/traffic_lights/traffic_lights.runs/impl_1/runme.log
open_hw_manager
connect_hw_server -allow_non_jtag
INFO: [Labtools 27-2285] Connecting to hw_server url TCP:localhost:3121
INFO: [Labtools 27-2222] Launching hw_server...
INFO: [Labtools 27-2221] Launch Output:

****** Xilinx hw_server v2020.1
  **** Build date : May 27 2020 at 20:24:38
    ** Copyright 1986-2020 Xilinx, Inc. All Rights Reserved.


INFO: [Labtools 27-3415] Connecting to cs_server url TCP:localhost:3042
INFO: [Labtools 27-3417] Launching cs_server...
INFO: [Labtools 27-2221] Launch Output:


****** Xilinx cs_server v2020.1.0
  **** Build date : May 14 2020-03:10:29
    ** Copyright 2017-2020 Xilinx, Inc. All Rights Reserved.



connect_hw_server: Time (s): cpu = 00:00:01 ; elapsed = 00:00:07 . Memory (MB): peak = 3473.074 ; gain = 0.000
open_hw_target
INFO: [Labtoolstcl 44-466] Opening hw_target localhost:3121/xilinx_tcf/Digilent/210292AD2DE7A
set_property PROGRAM.FILE {D:/Documents/230917_xzdraz12/digital-electronics-1/labs/08-traffic_lights/traffic_lights/traffic_lights.runs/impl_1/top.bit} [get_hw_devices xc7a50t_0]
current_hw_device [get_hw_devices xc7a50t_0]
refresh_hw_device -update_hw_probes false [lindex [get_hw_devices xc7a50t_0] 0]
INFO: [Labtools 27-1434] Device xc7a50t (JTAG device index = 0) is programmed with a design that has no supported debug core(s) in it.
set_property PROBES.FILE {} [get_hw_devices xc7a50t_0]
set_property FULL_PROBES.FILE {} [get_hw_devices xc7a50t_0]
set_property PROGRAM.FILE {D:/Documents/230917_xzdraz12/digital-electronics-1/labs/08-traffic_lights/traffic_lights/traffic_lights.runs/impl_1/top.bit} [get_hw_devices xc7a50t_0]
program_hw_devices [get_hw_devices xc7a50t_0]
INFO: [Labtools 27-3164] End of startup status: HIGH
refresh_hw_device [lindex [get_hw_devices xc7a50t_0] 0]
INFO: [Labtools 27-1434] Device xc7a50t (JTAG device index = 0) is programmed with a design that has no supported debug core(s) in it.
close_hw_manager
reset_run impl_1 -prev_step 
launch_runs impl_1 -to_step write_bitstream -jobs 4
[Tue Apr  5 14:42:19 2022] Launched impl_1...
Run output will be captured here: D:/Documents/230917_xzdraz12/digital-electronics-1/labs/08-traffic_lights/traffic_lights/traffic_lights.runs/impl_1/runme.log
open_hw_manager
connect_hw_server -allow_non_jtag
INFO: [Labtools 27-2285] Connecting to hw_server url TCP:localhost:3121
INFO: [Labtools 27-2222] Launching hw_server...
INFO: [Labtools 27-2221] Launch Output:

****** Xilinx hw_server v2020.1
  **** Build date : May 27 2020 at 20:24:38
    ** Copyright 1986-2020 Xilinx, Inc. All Rights Reserved.


INFO: [Labtools 27-3415] Connecting to cs_server url TCP:localhost:3042
INFO: [Labtools 27-3417] Launching cs_server...
INFO: [Labtools 27-2221] Launch Output:


****** Xilinx cs_server v2020.1.0
  **** Build date : May 14 2020-03:10:29
    ** Copyright 2017-2020 Xilinx, Inc. All Rights Reserved.



connect_hw_server: Time (s): cpu = 00:00:00 ; elapsed = 00:00:07 . Memory (MB): peak = 3641.523 ; gain = 0.000
open_hw_target
INFO: [Labtoolstcl 44-466] Opening hw_target localhost:3121/xilinx_tcf/Digilent/210292AD2DE7A
set_property PROGRAM.FILE {D:/Documents/230917_xzdraz12/digital-electronics-1/labs/08-traffic_lights/traffic_lights/traffic_lights.runs/impl_1/top.bit} [get_hw_devices xc7a50t_0]
current_hw_device [get_hw_devices xc7a50t_0]
refresh_hw_device -update_hw_probes false [lindex [get_hw_devices xc7a50t_0] 0]
INFO: [Labtools 27-1434] Device xc7a50t (JTAG device index = 0) is programmed with a design that has no supported debug core(s) in it.
set_property PROBES.FILE {} [get_hw_devices xc7a50t_0]
set_property FULL_PROBES.FILE {} [get_hw_devices xc7a50t_0]
set_property PROGRAM.FILE {D:/Documents/230917_xzdraz12/digital-electronics-1/labs/08-traffic_lights/traffic_lights/traffic_lights.runs/impl_1/top.bit} [get_hw_devices xc7a50t_0]
program_hw_devices [get_hw_devices xc7a50t_0]
INFO: [Labtools 27-3164] End of startup status: HIGH
refresh_hw_device [lindex [get_hw_devices xc7a50t_0] 0]
INFO: [Labtools 27-1434] Device xc7a50t (JTAG device index = 0) is programmed with a design that has no supported debug core(s) in it.
reset_run impl_1 -prev_step 
launch_runs impl_1 -to_step write_bitstream -jobs 4
[Tue Apr  5 14:45:49 2022] Launched impl_1...
Run output will be captured here: D:/Documents/230917_xzdraz12/digital-electronics-1/labs/08-traffic_lights/traffic_lights/traffic_lights.runs/impl_1/runme.log
reset_run impl_1 -prev_step 
WARNING: [Vivado 12-1017] Problems encountered:
1. PID not specified

reset_run impl_1
WARNING: [Vivado 12-1017] Problems encountered:
1. PID not specified

reset_run synth_1
launch_runs impl_1 -to_step write_bitstream -jobs 4
[Tue Apr  5 14:46:24 2022] Launched synth_1...
Run output will be captured here: D:/Documents/230917_xzdraz12/digital-electronics-1/labs/08-traffic_lights/traffic_lights/traffic_lights.runs/synth_1/runme.log
[Tue Apr  5 14:46:24 2022] Launched impl_1...
Run output will be captured here: D:/Documents/230917_xzdraz12/digital-electronics-1/labs/08-traffic_lights/traffic_lights/traffic_lights.runs/impl_1/runme.log
reset_run synth_1
WARNING: [Vivado 12-1017] Problems encountered:
1. Failed to delete one or more files in run directory D:/Documents/230917_xzdraz12/digital-electronics-1/labs/08-traffic_lights/traffic_lights/traffic_lights.runs/synth_1

launch_runs impl_1 -to_step write_bitstream -jobs 4
[Tue Apr  5 14:46:33 2022] Launched synth_1...
Run output will be captured here: D:/Documents/230917_xzdraz12/digital-electronics-1/labs/08-traffic_lights/traffic_lights/traffic_lights.runs/synth_1/runme.log
[Tue Apr  5 14:46:33 2022] Launched impl_1...
Run output will be captured here: D:/Documents/230917_xzdraz12/digital-electronics-1/labs/08-traffic_lights/traffic_lights/traffic_lights.runs/impl_1/runme.log
set_property PROBES.FILE {} [get_hw_devices xc7a50t_0]
set_property FULL_PROBES.FILE {} [get_hw_devices xc7a50t_0]
set_property PROGRAM.FILE {D:/Documents/230917_xzdraz12/digital-electronics-1/labs/08-traffic_lights/traffic_lights/traffic_lights.runs/impl_1/top.bit} [get_hw_devices xc7a50t_0]
program_hw_devices [get_hw_devices xc7a50t_0]
INFO: [Labtools 27-3164] End of startup status: HIGH
refresh_hw_device [lindex [get_hw_devices xc7a50t_0] 0]
INFO: [Labtools 27-1434] Device xc7a50t (JTAG device index = 0) is programmed with a design that has no supported debug core(s) in it.
close_hw_manager
exit
INFO: [Common 17-206] Exiting Vivado at Tue Apr  5 14:51:11 2022...
