#-----------------------------------------------------------
# Vivado v2020.1 (64-bit)
# SW Build 2902540 on Wed May 27 19:54:49 MDT 2020
# IP Build 2902112 on Wed May 27 22:43:36 MDT 2020
# Start of session at: Tue Apr 19 13:10:07 2022
# Process ID: 9516
# Current directory: D:/Documents/230917_xzdraz12/digital-electronics-1/labs/08-traffic_lights/traffic_lights
# Command line: vivado.exe -gui_launcher_event rodinguilauncherevent1968 D:\Documents\230917_xzdraz12\digital-electronics-1\labs\08-traffic_lights\traffic_lights\traffic_lights.xpr
# Log file: D:/Documents/230917_xzdraz12/digital-electronics-1/labs/08-traffic_lights/traffic_lights/vivado.log
# Journal file: D:/Documents/230917_xzdraz12/digital-electronics-1/labs/08-traffic_lights/traffic_lights\vivado.jou
#-----------------------------------------------------------
start_gui
open_project D:/Documents/230917_xzdraz12/digital-electronics-1/labs/08-traffic_lights/traffic_lights/traffic_lights.xpr
INFO: [ProjectBase 1-489] The host OS only allows 260 characters in a normal path. The project is stored in a path with more than 80 characters. If you experience issues with IP, Block Designs, or files not being found, please consider moving the project to a location with a shorter path. Alternately consider using the OS subst command to map part of the path to a drive letter.
Current project path is 'D:/Documents/230917_xzdraz12/digital-electronics-1/labs/08-traffic_lights/traffic_lights'
Scanning sources...
Finished scanning sources
INFO: [IP_Flow 19-234] Refreshing IP repositories
INFO: [IP_Flow 19-1704] No user IP repositories specified
INFO: [IP_Flow 19-2313] Loaded Vivado IP repository 'C:/APPZ/Xilinx/Vivado/2020.1/data/ip'.
open_project: Time (s): cpu = 00:00:11 ; elapsed = 00:00:06 . Memory (MB): peak = 1020.082 ; gain = 0.000
update_compile_order -fileset sources_1
exit
INFO: [Common 17-206] Exiting Vivado at Tue Apr 19 13:10:36 2022...
