#-----------------------------------------------------------
# Vivado v2020.1 (64-bit)
# SW Build 2902540 on Wed May 27 19:54:49 MDT 2020
# IP Build 2902112 on Wed May 27 22:43:36 MDT 2020
# Start of session at: Tue Apr 19 13:14:53 2022
# Process ID: 12072
# Current directory: D:/Documents/230917_xzdraz12/digital-electronics-1/labs/04-segment/hex_7seg
# Command line: vivado.exe -gui_launcher_event rodinguilauncherevent6716 D:\Documents\230917_xzdraz12\digital-electronics-1\labs\04-segment\hex_7seg\hex_7seg.xpr
# Log file: D:/Documents/230917_xzdraz12/digital-electronics-1/labs/04-segment/hex_7seg/vivado.log
# Journal file: D:/Documents/230917_xzdraz12/digital-electronics-1/labs/04-segment/hex_7seg\vivado.jou
#-----------------------------------------------------------sstart_guioopen_project D:/Documents/230917_xzdraz12/digital-electronics-1/labs/04-segment/hex_7seg/hex_7seg.xpr
Scanning sources...
Finished scanning sources
INFO: [IP_Flow 19-234] Refreshing IP repositories
INFO: [IP_Flow 19-1704] No user IP repositories specified
INFO: [IP_Flow 19-2313] Loaded Vivado IP repository 'C:/APPZ/Xilinx/Vivado/2020.1/data/ip'.oopen_project: Time (s): cpu = 00:00:20 ; elapsed = 00:00:29 . Memory (MB): peak = 1020.242 ; gain = 0.000uupdate_compile_order -fileset sources_1eopen_hw_manager
connect_hw_server -allow_non_jtag
INFO: [Labtools 27-2285] Connecting to hw_server url TCP:localhost:3121
INFO: [Labtools 27-2222] Launching hw_server...
INFO: [Labtools 27-2221] Launch Output:

****** Xilinx hw_server v2020.1
  **** Build date : May 27 2020 at 20:24:38
    ** Copyright 1986-2020 Xilinx, Inc. All Rights Reserved.


INFO: [Labtools 27-3415] Connecting to cs_server url TCP:localhost:3042
INFO: [Labtools 27-3417] Launching cs_server...
INFO: [Labtools 27-2221] Launch Output:


****** Xilinx cs_server v2020.1.0
  **** Build date : May 14 2020-03:10:29
    ** Copyright 2017-2020 Xilinx, Inc. All Rights Reserved.



connect_hw_server: Time (s): cpu = 00:00:00 ; elapsed = 00:00:07 . Memory (MB): peak = 1020.242 ; gain = 0.000
open_hw_target
INFO: [Labtoolstcl 44-466] Opening hw_target localhost:3121/xilinx_tcf/Digilent/210292AD2DE7A
set_property PROGRAM.FILE {D:/Documents/230917_xzdraz12/digital-electronics-1/labs/04-segment/hex_7seg/hex_7seg.runs/impl_1/top.bit} [get_hw_devices xc7a50t_0]
current_hw_device [get_hw_devices xc7a50t_0]
refresh_hw_device -update_hw_probes false [lindex [get_hw_devices xc7a50t_0] 0]
INFO: [Labtools 27-1434] Device xc7a50t (JTAG device index = 0) is programmed with a design that has no supported debug core(s) in it.
set_property PROBES.FILE {} [get_hw_devices xc7a50t_0]
set_property FULL_PROBES.FILE {} [get_hw_devices xc7a50t_0]
set_property PROGRAM.FILE {D:/Documents/230917_xzdraz12/digital-electronics-1/labs/04-segment/hex_7seg/hex_7seg.runs/impl_1/top.bit} [get_hw_devices xc7a50t_0]
program_hw_devices [get_hw_devices xc7a50t_0]
INFO: [Labtools 27-3164] End of startup status: HIGH
refresh_hw_device [lindex [get_hw_devices xc7a50t_0] 0]
INFO: [Labtools 27-1434] Device xc7a50t (JTAG device index = 0) is programmed with a design that has no supported debug core(s) in it.
close_hw_manager
exit
INFO: [Common 17-206] Exiting Vivado at Tue Apr 19 15:00:30 2022...
