#-----------------------------------------------------------
# Vivado v2020.1 (64-bit)
# SW Build 2902540 on Wed May 27 19:54:49 MDT 2020
# IP Build 2902112 on Wed May 27 22:43:36 MDT 2020
# Start of session at: Tue Apr 19 13:10:44 2022
# Process ID: 11696
# Current directory: D:/Documents/230917_xzdraz12/digital-electronics-1/labs/07-display_driver/lab_7
# Command line: vivado.exe -gui_launcher_event rodinguilauncherevent10360 D:\Documents\230917_xzdraz12\digital-electronics-1\labs\07-display_driver\lab_7\lab_7.xpr
# Log file: D:/Documents/230917_xzdraz12/digital-electronics-1/labs/07-display_driver/lab_7/vivado.log
# Journal file: D:/Documents/230917_xzdraz12/digital-electronics-1/labs/07-display_driver/lab_7\vivado.jou
#-----------------------------------------------------------
start_gui
open_project D:/Documents/230917_xzdraz12/digital-electronics-1/labs/07-display_driver/lab_7/lab_7.xpr
Scanning sources...
Finished scanning sources
INFO: [IP_Flow 19-234] Refreshing IP repositories
INFO: [IP_Flow 19-1704] No user IP repositories specified
INFO: [IP_Flow 19-2313] Loaded Vivado IP repository 'C:/APPZ/Xilinx/Vivado/2020.1/data/ip'.
update_compile_order -fileset sources_1
exit
INFO: [Common 17-206] Exiting Vivado at Tue Apr 19 15:00:34 2022...
